<?xml version="1.0" encoding="UTF-8"?>
<!-- Generated by org.testng.reporters.JUnitXMLReporter -->
<testsuite ignored="0" hostname="MBP-Dima" failures="0" tests="6" name="Command line test" time="0.016" errors="0" timestamp="2021-10-21T11:41:53 EEST">
  <testcase classname="CalculatorTest" name="sumTestDateProvider" time="0.0"/>
  <testcase classname="CalculatorTest" name="sumTestDateProvider" time="0.0"/>
  <testcase classname="CalculatorTest" name="sumTestDateProvider" time="0.0"/>
  <testcase classname="CalculatorTest" name="testSum" time="0.0"/>
  <testcase classname="CalculatorTest" name="testSum1" time="0.0"/>
  <testcase classname="CalculatorTest" name="testSum2" time="0.0"/>
</testsuite> <!-- Command line test -->
