<?xml version="1.0" encoding="UTF-8"?>
<!-- Generated by org.testng.reporters.JUnitXMLReporter -->
<testsuite ignored="0" hostname="MBP-Dima.WORKGROUP" failures="0" tests="3" name="Command line test" time="0.013" errors="0" timestamp="2021-10-20T20:55:29 EEST">
  <testcase classname="CalculatorTest" name="testSum" time="0.002"/>
  <testcase classname="CalculatorTest" name="testSum1" time="0.001"/>
  <testcase classname="CalculatorTest" name="testSum2" time="0.0"/>
</testsuite> <!-- Command line test -->
