<?xml version="1.0" encoding="UTF-8"?>
<testng-results ignored="0" total="12" passed="12" failed="0" skipped="0">
  <reporter-output>
  </reporter-output>
  <suite started-at="2021-10-23T14:35:50 EEST" name="Command line suite" finished-at="2021-10-23T14:35:50 EEST" duration-ms="18">
    <groups>
    </groups>
    <test started-at="2021-10-23T14:35:50 EEST" name="Command line test" finished-at="2021-10-23T14:35:50 EEST" duration-ms="18">
      <class name="Homework16.NumberInPowerTest">
        <test-method is-config="true" signature="beforeTest()[pri:0, instance:Homework16.NumberInPowerTest@52bf72b5]" started-at="2021-10-23T14:35:50 EEST" name="beforeTest" finished-at="2021-10-23T14:35:50 EEST" duration-ms="0" status="PASS">
          <reporter-output>
          </reporter-output>
        </test-method> <!-- beforeTest -->
        <test-method signature="testPowered()[pri:0, instance:Homework16.NumberInPowerTest@52bf72b5]" started-at="2021-10-23T14:35:50 EEST" name="testPowered" finished-at="2021-10-23T14:35:50 EEST" duration-ms="0" status="PASS">
          <reporter-output>
          </reporter-output>
        </test-method> <!-- testPowered -->
        <test-method signature="testPowered1()[pri:0, instance:Homework16.NumberInPowerTest@52bf72b5]" started-at="2021-10-23T14:35:50 EEST" name="testPowered1" finished-at="2021-10-23T14:35:50 EEST" duration-ms="0" status="PASS">
          <reporter-output>
          </reporter-output>
        </test-method> <!-- testPowered1 -->
        <test-method is-config="true" signature="afterTestMessage()[pri:0, instance:Homework16.NumberInPowerTest@52bf72b5]" started-at="2021-10-23T14:35:50 EEST" name="afterTestMessage" finished-at="2021-10-23T14:35:50 EEST" duration-ms="0" status="PASS">
          <reporter-output>
          </reporter-output>
        </test-method> <!-- afterTestMessage -->
      </class> <!-- Homework16.NumberInPowerTest -->
      <class name="Homework16.CalculatorTest">
        <test-method is-config="true" signature="beforeTest()[pri:0, instance:Homework16.CalculatorTest@dd8ba08]" started-at="2021-10-23T14:35:50 EEST" name="beforeTest" finished-at="2021-10-23T14:35:50 EEST" duration-ms="3" status="PASS">
          <reporter-output>
          </reporter-output>
        </test-method> <!-- beforeTest -->
        <test-method is-config="true" signature="initCalculator()[pri:0, instance:Homework16.CalculatorTest@dd8ba08]" started-at="2021-10-23T14:35:50 EEST" name="initCalculator" finished-at="2021-10-23T14:35:50 EEST" duration-ms="0" status="PASS">
          <reporter-output>
          </reporter-output>
        </test-method> <!-- initCalculator -->
        <test-method signature="sumTestDateProvider(int,int,int)[pri:0, instance:Homework16.CalculatorTest@dd8ba08]" started-at="2021-10-23T14:35:50 EEST" name="sumTestDateProvider" data-provider="sumTestDateProvider" finished-at="2021-10-23T14:35:50 EEST" duration-ms="1" status="PASS">
          <params>
            <param index="0">
              <value>
                <![CDATA[3]]>
              </value>
            </param>
            <param index="1">
              <value>
                <![CDATA[5]]>
              </value>
            </param>
            <param index="2">
              <value>
                <![CDATA[8]]>
              </value>
            </param>
          </params>
          <reporter-output>
          </reporter-output>
        </test-method> <!-- sumTestDateProvider -->
        <test-method signature="testSum2()[pri:0, instance:Homework16.CalculatorTest@dd8ba08]" started-at="2021-10-23T14:35:50 EEST" name="testSum2" finished-at="2021-10-23T14:35:50 EEST" duration-ms="0" status="PASS">
          <reporter-output>
          </reporter-output>
        </test-method> <!-- testSum2 -->
        <test-method signature="sumTestDateProvider(int,int,int)[pri:0, instance:Homework16.CalculatorTest@dd8ba08]" started-at="2021-10-23T14:35:50 EEST" name="sumTestDateProvider" data-provider="sumTestDateProvider" finished-at="2021-10-23T14:35:50 EEST" duration-ms="0" status="PASS">
          <params>
            <param index="0">
              <value>
                <![CDATA[-1]]>
              </value>
            </param>
            <param index="1">
              <value>
                <![CDATA[5]]>
              </value>
            </param>
            <param index="2">
              <value>
                <![CDATA[4]]>
              </value>
            </param>
          </params>
          <reporter-output>
          </reporter-output>
        </test-method> <!-- sumTestDateProvider -->
        <test-method signature="testSum1()[pri:0, instance:Homework16.CalculatorTest@dd8ba08]" started-at="2021-10-23T14:35:50 EEST" name="testSum1" finished-at="2021-10-23T14:35:50 EEST" duration-ms="0" status="PASS">
          <reporter-output>
          </reporter-output>
        </test-method> <!-- testSum1 -->
        <test-method signature="testSum()[pri:0, instance:Homework16.CalculatorTest@dd8ba08]" started-at="2021-10-23T14:35:50 EEST" name="testSum" finished-at="2021-10-23T14:35:50 EEST" duration-ms="0" status="PASS">
          <reporter-output>
          </reporter-output>
        </test-method> <!-- testSum -->
        <test-method signature="sumTestDateProvider(int,int,int)[pri:0, instance:Homework16.CalculatorTest@dd8ba08]" started-at="2021-10-23T14:35:50 EEST" name="sumTestDateProvider" data-provider="sumTestDateProvider" finished-at="2021-10-23T14:35:50 EEST" duration-ms="0" status="PASS">
          <params>
            <param index="0">
              <value>
                <![CDATA[0]]>
              </value>
            </param>
            <param index="1">
              <value>
                <![CDATA[5]]>
              </value>
            </param>
            <param index="2">
              <value>
                <![CDATA[5]]>
              </value>
            </param>
          </params>
          <reporter-output>
          </reporter-output>
        </test-method> <!-- sumTestDateProvider -->
        <test-method is-config="true" signature="afterTest()[pri:0, instance:Homework16.CalculatorTest@dd8ba08]" started-at="2021-10-23T14:35:50 EEST" name="afterTest" finished-at="2021-10-23T14:35:50 EEST" duration-ms="0" status="PASS">
          <reporter-output>
          </reporter-output>
        </test-method> <!-- afterTest -->
      </class> <!-- Homework16.CalculatorTest -->
      <class name="Homework16.StringReverseTest">
        <test-method is-config="true" signature="beforeTest()[pri:0, instance:Homework16.StringReverseTest@245b4bdc]" started-at="2021-10-23T14:35:50 EEST" name="beforeTest" finished-at="2021-10-23T14:35:50 EEST" duration-ms="0" status="PASS">
          <reporter-output>
          </reporter-output>
        </test-method> <!-- beforeTest -->
        <test-method signature="testStringReverse1()[pri:0, instance:Homework16.StringReverseTest@245b4bdc]" started-at="2021-10-23T14:35:50 EEST" name="testStringReverse1" finished-at="2021-10-23T14:35:50 EEST" duration-ms="0" status="PASS">
          <reporter-output>
          </reporter-output>
        </test-method> <!-- testStringReverse1 -->
        <test-method is-config="true" signature="afterTestMessage()[pri:0, instance:Homework16.StringReverseTest@245b4bdc]" started-at="2021-10-23T14:35:50 EEST" name="afterTestMessage" finished-at="2021-10-23T14:35:50 EEST" duration-ms="0" status="PASS">
          <reporter-output>
          </reporter-output>
        </test-method> <!-- afterTestMessage -->
        <test-method signature="testStringReverse()[pri:0, instance:Homework16.StringReverseTest@245b4bdc]" started-at="2021-10-23T14:35:50 EEST" name="testStringReverse" finished-at="2021-10-23T14:35:50 EEST" duration-ms="0" status="PASS">
          <reporter-output>
          </reporter-output>
        </test-method> <!-- testStringReverse -->
      </class> <!-- Homework16.StringReverseTest -->
      <class name="Homework16.EvenNumberTest">
        <test-method is-config="true" signature="beforeTest()[pri:0, instance:Homework16.EvenNumberTest@1aa7ecca]" started-at="2021-10-23T14:35:50 EEST" name="beforeTest" finished-at="2021-10-23T14:35:50 EEST" duration-ms="0" status="PASS">
          <reporter-output>
          </reporter-output>
        </test-method> <!-- beforeTest -->
        <test-method signature="evenNumberTestAssertFalse()[pri:0, instance:Homework16.EvenNumberTest@1aa7ecca]" started-at="2021-10-23T14:35:50 EEST" name="evenNumberTestAssertFalse" finished-at="2021-10-23T14:35:50 EEST" duration-ms="1" status="PASS">
          <reporter-output>
          </reporter-output>
        </test-method> <!-- evenNumberTestAssertFalse -->
        <test-method signature="evenNumberTestAssertTrue()[pri:0, instance:Homework16.EvenNumberTest@1aa7ecca]" started-at="2021-10-23T14:35:50 EEST" name="evenNumberTestAssertTrue" finished-at="2021-10-23T14:35:50 EEST" duration-ms="0" status="PASS">
          <reporter-output>
          </reporter-output>
        </test-method> <!-- evenNumberTestAssertTrue -->
        <test-method is-config="true" signature="afterTestMessage()[pri:0, instance:Homework16.EvenNumberTest@1aa7ecca]" started-at="2021-10-23T14:35:50 EEST" name="afterTestMessage" finished-at="2021-10-23T14:35:50 EEST" duration-ms="0" status="PASS">
          <reporter-output>
          </reporter-output>
        </test-method> <!-- afterTestMessage -->
      </class> <!-- Homework16.EvenNumberTest -->
    </test> <!-- Command line test -->
  </suite> <!-- Command line suite -->
</testng-results>
